[WRN][1542579718.9502909184] /usr/share/zsh/share/antigen.zsh:266
[WRN][1542579718.9502909184] -antigen-interactive-mode: file:file:shfunc:shfunc $_ANTIGEN_INTERACTIVE = 
[WRN][1542579718.9504950047] /usr/share/zsh/share/antigen.zsh:1590
[WRN][1542579718.9504950047] -antigen-lock-init return code was 0
[LOG][1542579718.9505329132] /usr/share/zsh/share/antigen.zsh:1592
[LOG][1542579718.9505329132] LOADED EXTENSION lock EXT
[WRN][1542579718.9512588978] /usr/share/zsh/share/antigen.zsh:1702
[WRN][1542579718.9512588978] Init parallel extension PARALLEL
[WRN][1542579718.9513111115] /usr/share/zsh/share/antigen.zsh:266
[WRN][1542579718.9513111115] -antigen-interactive-mode: file:file:shfunc:shfunc:shfunc:eval:shfunc:shfunc $_ANTIGEN_INTERACTIVE = 
[WRN][1542579718.9513638020] /usr/share/zsh/share/antigen.zsh:1590
[WRN][1542579718.9513638020] -antigen-parallel-init return code was 0
[LOG][1542579718.9513971806] /usr/share/zsh/share/antigen.zsh:1592
[LOG][1542579718.9513971806] LOADED EXTENSION parallel EXT
[WRN][1542579718.9514310360] /usr/share/zsh/share/antigen.zsh:1710
[WRN][1542579718.9514310360] Exec parallel extension PARALLEL
[WRN][1542579718.9516148567] /usr/share/zsh/share/antigen.zsh:266
[WRN][1542579718.9516148567] -antigen-interactive-mode: file:file:shfunc:shfunc:shfunc:eval:shfunc:shfunc $_ANTIGEN_INTERACTIVE = 
[WRN][1542579718.9516651630] /usr/share/zsh/share/antigen.zsh:1590
[WRN][1542579718.9516651630] -antigen-defer-init return code was 0
[LOG][1542579718.9516975880] /usr/share/zsh/share/antigen.zsh:1592
[LOG][1542579718.9516975880] LOADED EXTENSION defer EXT
[WRN][1542579718.9522197247] /usr/share/zsh/share/antigen.zsh:266
[WRN][1542579718.9522197247] -antigen-interactive-mode: file:file:shfunc:shfunc:shfunc:eval:shfunc:shfunc $_ANTIGEN_INTERACTIVE = 
[WRN][1542579718.9523608685] /usr/share/zsh/share/antigen.zsh:1590
[WRN][1542579718.9523608685] -antigen-cache-init return code was 0
[LOG][1542579718.9523980618] /usr/share/zsh/share/antigen.zsh:1592
[LOG][1542579718.9523980618] LOADED EXTENSION cache EXT
[WRN][1542579718.9532694817] /usr/share/zsh/share/antigen.zsh:1487
[WRN][1542579718.9532694817] Updated meta: target antigen mode once type pre called 1
[WRN][1542579718.9533097744] /usr/share/zsh/share/antigen.zsh:1502
[WRN][1542579718.9533097744] Processing hooks: antigen-lock
[WRN][1542579718.9533374310] /usr/share/zsh/share/antigen.zsh:1505
[WRN][1542579718.9533374310] Pre hook: antigen-lock use oh-my-zsh
[LOG][1542579718.9533662796] /usr/share/zsh/share/antigen.zsh:1676
[LOG][1542579718.9533662796] antigen-lock called
[WRN][1542579718.9533951283] /usr/share/zsh/share/antigen.zsh:1687
[WRN][1542579718.9533951283] Creating antigen-lock file at /home/barsa/.antigen/.lock
[WRN][1542579718.9538726807] /usr/share/zsh/share/antigen.zsh:1523
[WRN][1542579718.9538726807] -antigen-hook-antigen use oh-my-zsh
[WRN][1542579718.9547257423] /usr/share/zsh/share/antigen.zsh:1487
[WRN][1542579718.9547257423] Updated meta: target antigen-bundle mode repeat type replace called 1
[WRN][1542579718.9547898769] /usr/share/zsh/share/antigen.zsh:1487
[WRN][1542579718.9547898769] Updated meta: target antigen-bundle mode repeat type pre called 1
[WRN][1542579718.9548263550] /usr/share/zsh/share/antigen.zsh:1502
[WRN][1542579718.9548263550] Processing hooks: antigen-bundle-defer antigen-bundle-cached
[WRN][1542579718.9548544884] /usr/share/zsh/share/antigen.zsh:1505
[WRN][1542579718.9548544884] Pre hook: antigen-bundle-cached --loc=lib
[WRN][1542579718.9549064636] /usr/share/zsh/share/antigen.zsh:1516
[WRN][1542579718.9549064636] Replace hook: antigen-bundle-defer --loc=lib
[WRN][1542579718.9549469948] /usr/share/zsh/share/antigen.zsh:1518
[WRN][1542579718.9549469948] antigen-bundle-defer shortcircuited
[LOG][1542579718.9550080299] /usr/share/zsh/share/antigen.zsh:1536
[LOG][1542579718.9550080299] Return from hook antigen with 0
[WRN][1542579718.9550912380] /usr/share/zsh/share/antigen.zsh:1480
[WRN][1542579718.9550912380] Ignoring hook due to mode once: antigen-lock
[WRN][1542579718.9551198483] /usr/share/zsh/share/antigen.zsh:1502
[WRN][1542579718.9551198483] Processing hooks: antigen-lock
[WRN][1542579718.9551558495] /usr/share/zsh/share/antigen.zsh:1523
[WRN][1542579718.9551558495] -antigen-hook-antigen bundle git
[WRN][1542579718.9552388191] /usr/share/zsh/share/antigen.zsh:1487
[WRN][1542579718.9552388191] Updated meta: target antigen-bundle mode repeat type replace called 2
[WRN][1542579718.9552876949] /usr/share/zsh/share/antigen.zsh:1487
[WRN][1542579718.9552876949] Updated meta: target antigen-bundle mode repeat type pre called 2
[WRN][1542579718.9553189278] /usr/share/zsh/share/antigen.zsh:1502
[WRN][1542579718.9553189278] Processing hooks: antigen-bundle-defer antigen-bundle-cached
[WRN][1542579718.9553453922] /usr/share/zsh/share/antigen.zsh:1505
[WRN][1542579718.9553453922] Pre hook: antigen-bundle-cached git
[WRN][1542579718.9553906918] /usr/share/zsh/share/antigen.zsh:1516
[WRN][1542579718.9553906918] Replace hook: antigen-bundle-defer git
[WRN][1542579718.9554266930] /usr/share/zsh/share/antigen.zsh:1518
[WRN][1542579718.9554266930] antigen-bundle-defer shortcircuited
[LOG][1542579718.9554727077] /usr/share/zsh/share/antigen.zsh:1536
[LOG][1542579718.9554727077] Return from hook antigen with 0
[WRN][1542579718.9555461407] /usr/share/zsh/share/antigen.zsh:1480
[WRN][1542579718.9555461407] Ignoring hook due to mode once: antigen-lock
[WRN][1542579718.9555737972] /usr/share/zsh/share/antigen.zsh:1502
[WRN][1542579718.9555737972] Processing hooks: antigen-lock
[WRN][1542579718.9556043148] /usr/share/zsh/share/antigen.zsh:1523
[WRN][1542579718.9556043148] -antigen-hook-antigen bundle heroku
[WRN][1542579718.9556841850] /usr/share/zsh/share/antigen.zsh:1487
[WRN][1542579718.9556841850] Updated meta: target antigen-bundle mode repeat type replace called 3
[WRN][1542579718.9557321072] /usr/share/zsh/share/antigen.zsh:1487
[WRN][1542579718.9557321072] Updated meta: target antigen-bundle mode repeat type pre called 3
[WRN][1542579718.9557635784] /usr/share/zsh/share/antigen.zsh:1502
[WRN][1542579718.9557635784] Processing hooks: antigen-bundle-defer antigen-bundle-cached
[WRN][1542579718.9557895660] /usr/share/zsh/share/antigen.zsh:1505
[WRN][1542579718.9557895660] Pre hook: antigen-bundle-cached heroku
[WRN][1542579718.9558348656] /usr/share/zsh/share/antigen.zsh:1516
[WRN][1542579718.9558348656] Replace hook: antigen-bundle-defer heroku
[WRN][1542579718.9558706284] /usr/share/zsh/share/antigen.zsh:1518
[WRN][1542579718.9558706284] antigen-bundle-defer shortcircuited
[LOG][1542579718.9559166431] /usr/share/zsh/share/antigen.zsh:1536
[LOG][1542579718.9559166431] Return from hook antigen with 0
[WRN][1542579718.9559891224] /usr/share/zsh/share/antigen.zsh:1480
[WRN][1542579718.9559891224] Ignoring hook due to mode once: antigen-lock
[WRN][1542579718.9560165405] /usr/share/zsh/share/antigen.zsh:1502
[WRN][1542579718.9560165405] Processing hooks: antigen-lock
[WRN][1542579718.9560465813] /usr/share/zsh/share/antigen.zsh:1523
[WRN][1542579718.9560465813] -antigen-hook-antigen bundle pip
[WRN][1542579718.9561257362] /usr/share/zsh/share/antigen.zsh:1487
[WRN][1542579718.9561257362] Updated meta: target antigen-bundle mode repeat type replace called 4
[WRN][1542579718.9561820030] /usr/share/zsh/share/antigen.zsh:1487
[WRN][1542579718.9561820030] Updated meta: target antigen-bundle mode repeat type pre called 4
[WRN][1542579718.9562151432] /usr/share/zsh/share/antigen.zsh:1502
[WRN][1542579718.9562151432] Processing hooks: antigen-bundle-defer antigen-bundle-cached
[WRN][1542579718.9562413692] /usr/share/zsh/share/antigen.zsh:1505
[WRN][1542579718.9562413692] Pre hook: antigen-bundle-cached pip
[WRN][1542579718.9562869072] /usr/share/zsh/share/antigen.zsh:1516
[WRN][1542579718.9562869072] Replace hook: antigen-bundle-defer pip
[WRN][1542579718.9563233852] /usr/share/zsh/share/antigen.zsh:1518
[WRN][1542579718.9563233852] antigen-bundle-defer shortcircuited
[LOG][1542579718.9563694000] /usr/share/zsh/share/antigen.zsh:1536
[LOG][1542579718.9563694000] Return from hook antigen with 0
[WRN][1542579718.9564423561] /usr/share/zsh/share/antigen.zsh:1480
[WRN][1542579718.9564423561] Ignoring hook due to mode once: antigen-lock
[WRN][1542579718.9564728737] /usr/share/zsh/share/antigen.zsh:1502
[WRN][1542579718.9564728737] Processing hooks: antigen-lock
[WRN][1542579718.9565033913] /usr/share/zsh/share/antigen.zsh:1523
[WRN][1542579718.9565033913] -antigen-hook-antigen bundle lein
[WRN][1542579718.9565834999] /usr/share/zsh/share/antigen.zsh:1487
[WRN][1542579718.9565834999] Updated meta: target antigen-bundle mode repeat type replace called 5
[WRN][1542579718.9566314220] /usr/share/zsh/share/antigen.zsh:1487
[WRN][1542579718.9566314220] Updated meta: target antigen-bundle mode repeat type pre called 5
[WRN][1542579718.9566624165] /usr/share/zsh/share/antigen.zsh:1502
[WRN][1542579718.9566624165] Processing hooks: antigen-bundle-defer antigen-bundle-cached
[WRN][1542579718.9566879272] /usr/share/zsh/share/antigen.zsh:1505
[WRN][1542579718.9566879272] Pre hook: antigen-bundle-cached lein
[WRN][1542579718.9567332268] /usr/share/zsh/share/antigen.zsh:1516
[WRN][1542579718.9567332268] Replace hook: antigen-bundle-defer lein
[WRN][1542579718.9567697048] /usr/share/zsh/share/antigen.zsh:1518
[WRN][1542579718.9567697048] antigen-bundle-defer shortcircuited
[LOG][1542579718.9568154812] /usr/share/zsh/share/antigen.zsh:1536
[LOG][1542579718.9568154812] Return from hook antigen with 0
[WRN][1542579718.9568889141] /usr/share/zsh/share/antigen.zsh:1480
[WRN][1542579718.9568889141] Ignoring hook due to mode once: antigen-lock
[WRN][1542579718.9569165707] /usr/share/zsh/share/antigen.zsh:1502
[WRN][1542579718.9569165707] Processing hooks: antigen-lock
[WRN][1542579718.9569463730] /usr/share/zsh/share/antigen.zsh:1523
[WRN][1542579718.9569463730] -antigen-hook-antigen bundle command-not-found
[WRN][1542579718.9570269585] /usr/share/zsh/share/antigen.zsh:1487
[WRN][1542579718.9570269585] Updated meta: target antigen-bundle mode repeat type replace called 6
[WRN][1542579718.9570751190] /usr/share/zsh/share/antigen.zsh:1487
[WRN][1542579718.9570751190] Updated meta: target antigen-bundle mode repeat type pre called 6
[WRN][1542579718.9571065903] /usr/share/zsh/share/antigen.zsh:1502
[WRN][1542579718.9571065903] Processing hooks: antigen-bundle-defer antigen-bundle-cached
[WRN][1542579718.9571323395] /usr/share/zsh/share/antigen.zsh:1505
[WRN][1542579718.9571323395] Pre hook: antigen-bundle-cached command-not-found
[WRN][1542579718.9571776390] /usr/share/zsh/share/antigen.zsh:1516
[WRN][1542579718.9571776390] Replace hook: antigen-bundle-defer command-not-found
[WRN][1542579718.9572138786] /usr/share/zsh/share/antigen.zsh:1518
[WRN][1542579718.9572138786] antigen-bundle-defer shortcircuited
[LOG][1542579718.9572596550] /usr/share/zsh/share/antigen.zsh:1536
[LOG][1542579718.9572596550] Return from hook antigen with 0
[WRN][1542579718.9573366642] /usr/share/zsh/share/antigen.zsh:1480
[WRN][1542579718.9573366642] Ignoring hook due to mode once: antigen-lock
[WRN][1542579718.9573643208] /usr/share/zsh/share/antigen.zsh:1502
[WRN][1542579718.9573643208] Processing hooks: antigen-lock
[WRN][1542579718.9573943615] /usr/share/zsh/share/antigen.zsh:1523
[WRN][1542579718.9573943615] -antigen-hook-antigen bundle zsh-users/zsh-syntax-highlighting
[WRN][1542579718.9574751854] /usr/share/zsh/share/antigen.zsh:1487
[WRN][1542579718.9574751854] Updated meta: target antigen-bundle mode repeat type replace called 7
[WRN][1542579718.9575233459] /usr/share/zsh/share/antigen.zsh:1487
[WRN][1542579718.9575233459] Updated meta: target antigen-bundle mode repeat type pre called 7
[WRN][1542579718.9575545788] /usr/share/zsh/share/antigen.zsh:1502
[WRN][1542579718.9575545788] Processing hooks: antigen-bundle-defer antigen-bundle-cached
[WRN][1542579718.9575803280] /usr/share/zsh/share/antigen.zsh:1505
[WRN][1542579718.9575803280] Pre hook: antigen-bundle-cached zsh-users/zsh-syntax-highlighting
[WRN][1542579718.9576258659] /usr/share/zsh/share/antigen.zsh:1516
[WRN][1542579718.9576258659] Replace hook: antigen-bundle-defer zsh-users/zsh-syntax-highlighting
[WRN][1542579718.9576623440] /usr/share/zsh/share/antigen.zsh:1518
[WRN][1542579718.9576623440] antigen-bundle-defer shortcircuited
[LOG][1542579718.9577114582] /usr/share/zsh/share/antigen.zsh:1536
[LOG][1542579718.9577114582] Return from hook antigen with 0
[WRN][1542579718.9582393169] /usr/share/zsh/share/antigen.zsh:1480
[WRN][1542579718.9582393169] Ignoring hook due to mode once: antigen-lock
[WRN][1542579718.9582791328] /usr/share/zsh/share/antigen.zsh:1502
[WRN][1542579718.9582791328] Processing hooks: antigen-lock
[WRN][1542579718.9583139420] /usr/share/zsh/share/antigen.zsh:1523
[WRN][1542579718.9583139420] -antigen-hook-antigen theme agnoster
[WRN][1542579718.9584324360] /usr/share/zsh/share/antigen.zsh:1487
[WRN][1542579718.9584324360] Updated meta: target antigen-bundle mode repeat type replace called 8
[WRN][1542579718.9584856033] /usr/share/zsh/share/antigen.zsh:1487
[WRN][1542579718.9584856033] Updated meta: target antigen-bundle mode repeat type pre called 8
[WRN][1542579718.9585185051] /usr/share/zsh/share/antigen.zsh:1502
[WRN][1542579718.9585185051] Processing hooks: antigen-bundle-defer antigen-bundle-cached
[WRN][1542579718.9585459232] /usr/share/zsh/share/antigen.zsh:1505
[WRN][1542579718.9585459232] Pre hook: antigen-bundle-cached --loc=themes/agnoster --btype=theme
[WRN][1542579718.9585947990] /usr/share/zsh/share/antigen.zsh:1516
[WRN][1542579718.9585947990] Replace hook: antigen-bundle-defer --loc=themes/agnoster --btype=theme
[WRN][1542579718.9586334229] /usr/share/zsh/share/antigen.zsh:1518
[WRN][1542579718.9586334229] antigen-bundle-defer shortcircuited
[LOG][1542579718.9586913586] /usr/share/zsh/share/antigen.zsh:1536
[LOG][1542579718.9586913586] Return from hook antigen with 0
[WRN][1542579718.9587690830] /usr/share/zsh/share/antigen.zsh:1480
[WRN][1542579718.9587690830] Ignoring hook due to mode once: antigen-lock
[WRN][1542579718.9587972164] /usr/share/zsh/share/antigen.zsh:1502
[WRN][1542579718.9587972164] Processing hooks: antigen-lock
[WRN][1542579718.9588274956] /usr/share/zsh/share/antigen.zsh:1523
[WRN][1542579718.9588274956] -antigen-hook-antigen apply
[WRN][1542579718.9589099884] /usr/share/zsh/share/antigen.zsh:1487
[WRN][1542579718.9589099884] Updated meta: target antigen-apply mode once type post called 1
[WRN][1542579718.9589595795] /usr/share/zsh/share/antigen.zsh:1487
[WRN][1542579718.9589595795] Updated meta: target antigen-apply mode once type pre called 1
[WRN][1542579718.9590072632] /usr/share/zsh/share/antigen.zsh:1487
[WRN][1542579718.9590072632] Updated meta: target antigen-apply mode once type replace called 1
[WRN][1542579718.9590537548] /usr/share/zsh/share/antigen.zsh:1487
[WRN][1542579718.9590537548] Updated meta: target antigen-apply mode once type pre called 1
[WRN][1542579718.9590990543] /usr/share/zsh/share/antigen.zsh:1487
[WRN][1542579718.9590990543] Updated meta: target antigen-apply mode once type post called 1
[WRN][1542579718.9591307640] /usr/share/zsh/share/antigen.zsh:1502
[WRN][1542579718.9591307640] Processing hooks: antigen-apply-lock antigen-apply-parallel antigen-apply-parallel-execute antigen-apply-defer antigen-apply-cached
[WRN][1542579718.9591574669] /usr/share/zsh/share/antigen.zsh:1505
[WRN][1542579718.9591574669] Pre hook: antigen-apply-parallel
[WRN][1542579718.9591856003] /usr/share/zsh/share/antigen.zsh:1762
[WRN][1542579718.9591856003] Parallel pre-apply PARALLEL PRE-APPLY
[WRN][1542579718.9592626095] /usr/share/zsh/share/antigen.zsh:1505
[WRN][1542579718.9592626095] Pre hook: antigen-apply-defer
[WRN][1542579718.9592912197] /usr/share/zsh/share/antigen.zsh:1641
[WRN][1542579718.9592912197] Defer pre-apply DEFER PRE-APPLY
[LOG][1542579718.9593701363] /usr/share/zsh/share/antigen.zsh:1647
[LOG][1542579718.9593701363] Processing deferred bundle: --loc=lib DEFER
[WRN][1542579718.9594421387] /usr/share/zsh/share/antigen.zsh:1487
[WRN][1542579718.9594421387] Updated meta: target antigen-bundle mode repeat type pre called 9
[WRN][1542579718.9594972134] /usr/share/zsh/share/antigen.zsh:1487
[WRN][1542579718.9594972134] Updated meta: target antigen-bundle mode repeat type replace called 1
[WRN][1542579718.9595315456] /usr/share/zsh/share/antigen.zsh:1502
[WRN][1542579718.9595315456] Processing hooks: antigen-bundle-cached antigen-bundle-parallel
[WRN][1542579718.9595620632] /usr/share/zsh/share/antigen.zsh:1505
[WRN][1542579718.9595620632] Pre hook: antigen-bundle-cached --loc=lib
[WRN][1542579718.9596099854] /usr/share/zsh/share/antigen.zsh:1516
[WRN][1542579718.9596099854] Replace hook: antigen-bundle-parallel --loc=lib
[TRA][1542579718.9596416950] /home/barsa/.zshrc:1766
[TRA][1542579718.9596416950] antigen-bundle-parallel: --loc=lib PARALLEL
[TRA][1542579718.9596416950] TRACE
antigen-bundle-parallel
-antigen-hook-handler
antigen-bundle
antigen-apply-defer
-antigen-hook-handler
antigen-apply
-antigen-hook-antigen
-antigen-hook-handler
antigen
/home/barsa/.zshrc
[WRN][1542579718.9596805573] /usr/share/zsh/share/antigen.zsh:1527
[WRN][1542579718.9596805573] Replaced hooked function.
[LOG][1542579718.9597079754] /usr/share/zsh/share/antigen.zsh:1536
[LOG][1542579718.9597079754] Return from hook antigen-bundle with 0
[LOG][1542579718.9597449303] /usr/share/zsh/share/antigen.zsh:1647
[LOG][1542579718.9597449303] Processing deferred bundle: git DEFER
[WRN][1542579718.9598155022] /usr/share/zsh/share/antigen.zsh:1487
[WRN][1542579718.9598155022] Updated meta: target antigen-bundle mode repeat type pre called 10
[WRN][1542579718.9598636627] /usr/share/zsh/share/antigen.zsh:1487
[WRN][1542579718.9598636627] Updated meta: target antigen-bundle mode repeat type replace called 2
[WRN][1542579718.9598953724] /usr/share/zsh/share/antigen.zsh:1502
[WRN][1542579718.9598953724] Processing hooks: antigen-bundle-cached antigen-bundle-parallel
[WRN][1542579718.9599218369] /usr/share/zsh/share/antigen.zsh:1505
[WRN][1542579718.9599218369] Pre hook: antigen-bundle-cached git
[WRN][1542579718.9599676132] /usr/share/zsh/share/antigen.zsh:1516
[WRN][1542579718.9599676132] Replace hook: antigen-bundle-parallel git
[TRA][1542579718.9599967003] /home/barsa/.zshrc:1766
[TRA][1542579718.9599967003] antigen-bundle-parallel: git PARALLEL
[TRA][1542579718.9599967003] TRACE
antigen-bundle-parallel
-antigen-hook-handler
antigen-bundle
antigen-apply-defer
-antigen-hook-handler
antigen-apply
-antigen-hook-antigen
-antigen-hook-handler
antigen
/home/barsa/.zshrc
[WRN][1542579718.9600343704] /usr/share/zsh/share/antigen.zsh:1527
[WRN][1542579718.9600343704] Replaced hooked function.
[LOG][1542579718.9600617886] /usr/share/zsh/share/antigen.zsh:1536
[LOG][1542579718.9600617886] Return from hook antigen-bundle with 0
[LOG][1542579718.9600987434] /usr/share/zsh/share/antigen.zsh:1647
[LOG][1542579718.9600987434] Processing deferred bundle: heroku DEFER
[WRN][1542579718.9601681232] /usr/share/zsh/share/antigen.zsh:1487
[WRN][1542579718.9601681232] Updated meta: target antigen-bundle mode repeat type pre called 11
[WRN][1542579718.9602158070] /usr/share/zsh/share/antigen.zsh:1487
[WRN][1542579718.9602158070] Updated meta: target antigen-bundle mode repeat type replace called 3
[WRN][1542579718.9602477551] /usr/share/zsh/share/antigen.zsh:1502
[WRN][1542579718.9602477551] Processing hooks: antigen-bundle-cached antigen-bundle-parallel
[WRN][1542579718.9602739811] /usr/share/zsh/share/antigen.zsh:1505
[WRN][1542579718.9602739811] Pre hook: antigen-bundle-cached heroku
[WRN][1542579718.9603195190] /usr/share/zsh/share/antigen.zsh:1516
[WRN][1542579718.9603195190] Replace hook: antigen-bundle-parallel heroku
[TRA][1542579718.9603486061] /home/barsa/.zshrc:1766
[TRA][1542579718.9603486061] antigen-bundle-parallel: heroku PARALLEL
[TRA][1542579718.9603486061] TRACE
antigen-bundle-parallel
-antigen-hook-handler
antigen-bundle
antigen-apply-defer
-antigen-hook-handler
antigen-apply
-antigen-hook-antigen
-antigen-hook-handler
antigen
/home/barsa/.zshrc
[WRN][1542579718.9603857994] /usr/share/zsh/share/antigen.zsh:1527
[WRN][1542579718.9603857994] Replaced hooked function.
[LOG][1542579718.9604129791] /usr/share/zsh/share/antigen.zsh:1536
[LOG][1542579718.9604129791] Return from hook antigen-bundle with 0
[LOG][1542579718.9604494572] /usr/share/zsh/share/antigen.zsh:1647
[LOG][1542579718.9604494572] Processing deferred bundle: pip DEFER
[WRN][1542579718.9605221748] /usr/share/zsh/share/antigen.zsh:1487
[WRN][1542579718.9605221748] Updated meta: target antigen-bundle mode repeat type pre called 12
[WRN][1542579718.9605698586] /usr/share/zsh/share/antigen.zsh:1487
[WRN][1542579718.9605698586] Updated meta: target antigen-bundle mode repeat type replace called 4
[WRN][1542579718.9606015682] /usr/share/zsh/share/antigen.zsh:1502
[WRN][1542579718.9606015682] Processing hooks: antigen-bundle-cached antigen-bundle-parallel
[WRN][1542579718.9606275558] /usr/share/zsh/share/antigen.zsh:1505
[WRN][1542579718.9606275558] Pre hook: antigen-bundle-cached pip
[WRN][1542579718.9606728554] /usr/share/zsh/share/antigen.zsh:1516
[WRN][1542579718.9606728554] Replace hook: antigen-bundle-parallel pip
[TRA][1542579718.9607019424] /home/barsa/.zshrc:1766
[TRA][1542579718.9607019424] antigen-bundle-parallel: pip PARALLEL
[TRA][1542579718.9607019424] TRACE
antigen-bundle-parallel
-antigen-hook-handler
antigen-bundle
antigen-apply-defer
-antigen-hook-handler
antigen-apply
-antigen-hook-antigen
-antigen-hook-handler
antigen
/home/barsa/.zshrc
[WRN][1542579718.9607396126] /usr/share/zsh/share/antigen.zsh:1527
[WRN][1542579718.9607396126] Replaced hooked function.
[LOG][1542579718.9607663155] /usr/share/zsh/share/antigen.zsh:1536
[LOG][1542579718.9607663155] Return from hook antigen-bundle with 0
[LOG][1542579718.9608025551] /usr/share/zsh/share/antigen.zsh:1647
[LOG][1542579718.9608025551] Processing deferred bundle: lein DEFER
[WRN][1542579718.9608712196] /usr/share/zsh/share/antigen.zsh:1487
[WRN][1542579718.9608712196] Updated meta: target antigen-bundle mode repeat type pre called 13
[WRN][1542579718.9609186649] /usr/share/zsh/share/antigen.zsh:1487
[WRN][1542579718.9609186649] Updated meta: target antigen-bundle mode repeat type replace called 5
[WRN][1542579718.9609506130] /usr/share/zsh/share/antigen.zsh:1502
[WRN][1542579718.9609506130] Processing hooks: antigen-bundle-cached antigen-bundle-parallel
[WRN][1542579718.9609768391] /usr/share/zsh/share/antigen.zsh:1505
[WRN][1542579718.9609768391] Pre hook: antigen-bundle-cached lein
[WRN][1542579718.9610226154] /usr/share/zsh/share/antigen.zsh:1516
[WRN][1542579718.9610226154] Replace hook: antigen-bundle-parallel lein
[TRA][1542579718.9610517025] /home/barsa/.zshrc:1766
[TRA][1542579718.9610517025] antigen-bundle-parallel: lein PARALLEL
[TRA][1542579718.9610517025] TRACE
antigen-bundle-parallel
-antigen-hook-handler
antigen-bundle
antigen-apply-defer
-antigen-hook-handler
antigen-apply
-antigen-hook-antigen
-antigen-hook-handler
antigen
/home/barsa/.zshrc
[WRN][1542579718.9610888958] /usr/share/zsh/share/antigen.zsh:1527
[WRN][1542579718.9610888958] Replaced hooked function.
[LOG][1542579718.9611158371] /usr/share/zsh/share/antigen.zsh:1536
[LOG][1542579718.9611158371] Return from hook antigen-bundle with 0
[LOG][1542579718.9611520767] /usr/share/zsh/share/antigen.zsh:1647
[LOG][1542579718.9611520767] Processing deferred bundle: command-not-found DEFER
[WRN][1542579718.9612214565] /usr/share/zsh/share/antigen.zsh:1487
[WRN][1542579718.9612214565] Updated meta: target antigen-bundle mode repeat type pre called 14
[WRN][1542579718.9612693787] /usr/share/zsh/share/antigen.zsh:1487
[WRN][1542579718.9612693787] Updated meta: target antigen-bundle mode repeat type replace called 6
[WRN][1542579718.9613015652] /usr/share/zsh/share/antigen.zsh:1502
[WRN][1542579718.9613015652] Processing hooks: antigen-bundle-cached antigen-bundle-parallel
[WRN][1542579718.9613275528] /usr/share/zsh/share/antigen.zsh:1505
[WRN][1542579718.9613275528] Pre hook: antigen-bundle-cached command-not-found
[WRN][1542579718.9613735676] /usr/share/zsh/share/antigen.zsh:1516
[WRN][1542579718.9613735676] Replace hook: antigen-bundle-parallel command-not-found
[TRA][1542579718.9614028931] /home/barsa/.zshrc:1766
[TRA][1542579718.9614028931] antigen-bundle-parallel: command-not-found PARALLEL
[TRA][1542579718.9614028931] TRACE
antigen-bundle-parallel
-antigen-hook-handler
antigen-bundle
antigen-apply-defer
-antigen-hook-handler
antigen-apply
-antigen-hook-antigen
-antigen-hook-handler
antigen
/home/barsa/.zshrc
[WRN][1542579718.9614434242] /usr/share/zsh/share/antigen.zsh:1527
[WRN][1542579718.9614434242] Replaced hooked function.
[LOG][1542579718.9614706039] /usr/share/zsh/share/antigen.zsh:1536
[LOG][1542579718.9614706039] Return from hook antigen-bundle with 0
[LOG][1542579718.9615073204] /usr/share/zsh/share/antigen.zsh:1647
[LOG][1542579718.9615073204] Processing deferred bundle: zsh-users/zsh-syntax-highlighting DEFER
[WRN][1542579718.9615802765] /usr/share/zsh/share/antigen.zsh:1487
[WRN][1542579718.9615802765] Updated meta: target antigen-bundle mode repeat type pre called 15
[WRN][1542579718.9616284370] /usr/share/zsh/share/antigen.zsh:1487
[WRN][1542579718.9616284370] Updated meta: target antigen-bundle mode repeat type replace called 7
[WRN][1542579718.9616603851] /usr/share/zsh/share/antigen.zsh:1502
[WRN][1542579718.9616603851] Processing hooks: antigen-bundle-cached antigen-bundle-parallel
[WRN][1542579718.9616866112] /usr/share/zsh/share/antigen.zsh:1505
[WRN][1542579718.9616866112] Pre hook: antigen-bundle-cached zsh-users/zsh-syntax-highlighting
[WRN][1542579718.9617323875] /usr/share/zsh/share/antigen.zsh:1516
[WRN][1542579718.9617323875] Replace hook: antigen-bundle-parallel zsh-users/zsh-syntax-highlighting
[TRA][1542579718.9617619514] /home/barsa/.zshrc:1766
[TRA][1542579718.9617619514] antigen-bundle-parallel: zsh-users/zsh-syntax-highlighting PARALLEL
[TRA][1542579718.9617619514] TRACE
antigen-bundle-parallel
-antigen-hook-handler
antigen-bundle
antigen-apply-defer
-antigen-hook-handler
antigen-apply
-antigen-hook-antigen
-antigen-hook-handler
antigen
/home/barsa/.zshrc
[WRN][1542579718.9618000984] /usr/share/zsh/share/antigen.zsh:1527
[WRN][1542579718.9618000984] Replaced hooked function.
[LOG][1542579718.9618272781] /usr/share/zsh/share/antigen.zsh:1536
[LOG][1542579718.9618272781] Return from hook antigen-bundle with 0
[LOG][1542579718.9618637562] /usr/share/zsh/share/antigen.zsh:1647
[LOG][1542579718.9618637562] Processing deferred bundle: --loc=themes/agnoster --btype=theme DEFER
[WRN][1542579718.9619338512] /usr/share/zsh/share/antigen.zsh:1487
[WRN][1542579718.9619338512] Updated meta: target antigen-bundle mode repeat type pre called 16
[WRN][1542579718.9619817734] /usr/share/zsh/share/antigen.zsh:1487
[WRN][1542579718.9619817734] Updated meta: target antigen-bundle mode repeat type replace called 8
[WRN][1542579718.9620139599] /usr/share/zsh/share/antigen.zsh:1502
[WRN][1542579718.9620139599] Processing hooks: antigen-bundle-cached antigen-bundle-parallel
[WRN][1542579718.9620401859] /usr/share/zsh/share/antigen.zsh:1505
[WRN][1542579718.9620401859] Pre hook: antigen-bundle-cached --loc=themes/agnoster --btype=theme
[WRN][1542579718.9620864391] /usr/share/zsh/share/antigen.zsh:1516
[WRN][1542579718.9620864391] Replace hook: antigen-bundle-parallel --loc=themes/agnoster --btype=theme
[TRA][1542579718.9621157646] /home/barsa/.zshrc:1766
[TRA][1542579718.9621157646] antigen-bundle-parallel: --loc=themes/agnoster --btype=theme PARALLEL
[TRA][1542579718.9621157646] TRACE
antigen-bundle-parallel
-antigen-hook-handler
antigen-bundle
antigen-apply-defer
-antigen-hook-handler
antigen-apply
-antigen-hook-antigen
-antigen-hook-handler
antigen
/home/barsa/.zshrc
[WRN][1542579718.9621534348] /usr/share/zsh/share/antigen.zsh:1527
[WRN][1542579718.9621534348] Replaced hooked function.
[LOG][1542579718.9621803761] /usr/share/zsh/share/antigen.zsh:1536
[LOG][1542579718.9621803761] Return from hook antigen-bundle with 0
[WRN][1542579718.9622521400] /usr/share/zsh/share/antigen.zsh:1516
[WRN][1542579718.9622521400] Replace hook: antigen-apply-parallel-execute
[WRN][1542579718.9622848034] /usr/share/zsh/share/antigen.zsh:1774
[WRN][1542579718.9622848034] Parallel replace-apply PARALLEL REPLACE-APPLY
[WRN][1542579718.9623725414] /usr/share/zsh/share/antigen.zsh:1713
[WRN][1542579718.9623725414] Parallel antigen-bundle-parallel-execute PARALLEL
[WRN][1542579718.9624133110] /usr/share/zsh/share/antigen.zsh:1717
[WRN][1542579718.9624133110] Gonna install in parallel 8 bundles. PARALLEL
[WRN][1542579718.9624431133] /usr/share/zsh/share/antigen.zsh:1719
[WRN][1542579718.9624431133] --loc=lib git heroku pip lein command-not-found zsh-users/zsh-syntax-highlighting --loc=themes/agnoster --btype=theme PARALLEL
[WRN][1542579718.9626793861] /usr/share/zsh/share/antigen.zsh:1726
[WRN][1542579718.9626793861] Install in parallel robbyrussell/oh-my-zsh. PARALLEL
[WRN][1542579718.9631190300] /usr/share/zsh/share/antigen.zsh:1733
[WRN][1542579718.9631190300] Bundle robbyrussell/oh-my-zsh already cloned locally. PARALLEL
[WRN][1542579718.9633324146] /usr/share/zsh/share/antigen.zsh:1733
[WRN][1542579718.9633324146] Bundle robbyrussell/oh-my-zsh already cloned locally. PARALLEL
[WRN][1542579718.9635338783] /usr/share/zsh/share/antigen.zsh:1733
[WRN][1542579718.9635338783] Bundle robbyrussell/oh-my-zsh already cloned locally. PARALLEL
[WRN][1542579718.9637372494] /usr/share/zsh/share/antigen.zsh:1733
[WRN][1542579718.9637372494] Bundle robbyrussell/oh-my-zsh already cloned locally. PARALLEL
[WRN][1542579718.9639399052] /usr/share/zsh/share/antigen.zsh:1733
[WRN][1542579718.9639399052] Bundle robbyrussell/oh-my-zsh already cloned locally. PARALLEL
[WRN][1542579718.9641516209] /usr/share/zsh/share/antigen.zsh:1726
[WRN][1542579718.9641516209] Install in parallel zsh-users/zsh-syntax-highlighting. PARALLEL
[WRN][1542579718.9645628929] /usr/share/zsh/share/antigen.zsh:1733
[WRN][1542579718.9645628929] Bundle robbyrussell/oh-my-zsh already cloned locally. PARALLEL
[WRN][1542579724.1697971821] /usr/share/zsh/share/antigen.zsh:1487
[WRN][1542579724.1697971821] Updated meta: target antigen-bundle mode repeat type pre called 17
[WRN][1542579724.1700537205] /usr/share/zsh/share/antigen.zsh:1502
[WRN][1542579724.1700537205] Processing hooks: antigen-bundle-cached
[WRN][1542579724.1702220440] /usr/share/zsh/share/antigen.zsh:1505
[WRN][1542579724.1702220440] Pre hook: antigen-bundle-cached --loc=lib
[WRN][1542579724.1704869270] /usr/share/zsh/share/antigen.zsh:1523
[WRN][1542579724.1704869270] -antigen-hook-antigen-bundle --loc=lib
[TRA][1542579724.1706538200] /usr/share/zsh/share/antigen.zsh:1456
[TRA][1542579724.1706538200] Called antigen-bundle with --loc=lib BUNDLE
[TRA][1542579724.1706538200] TRACE
-antigen-hook-antigen-bundle
-antigen-hook-handler
antigen-bundle
antigen-bundle-parallel-execute
antigen-apply-parallel-execute
-antigen-hook-handler
antigen-apply
-antigen-hook-antigen
-antigen-hook-handler
antigen
/home/barsa/.zshrc
[WRN][1542579724.1733305454] /usr/share/zsh/share/antigen.zsh:1487
[WRN][1542579724.1733305454] Updated meta: target -antigen-load-env mode repeat type replace called 1
[WRN][1542579724.1735703945] /usr/share/zsh/share/antigen.zsh:1502
[WRN][1542579724.1735703945] Processing hooks: -antigen-load-env-cached
[WRN][1542579724.1738195419] /usr/share/zsh/share/antigen.zsh:1516
[WRN][1542579724.1738195419] Replace hook: -antigen-load-env-cached dir /home/barsa/.antigen/bundles/robbyrussell/oh-my-zsh btype plugin url https://github.com/robbyrussell/oh-my-zsh.git loc lib name robbyrussell/oh-my-zsh make_local_clone true
[WRN][1542579724.1741917133] /usr/share/zsh/share/antigen.zsh:1527
[WRN][1542579724.1741917133] Replaced hooked function.
[LOG][1542579724.1743545532] /usr/share/zsh/share/antigen.zsh:1536
[LOG][1542579724.1743545532] Return from hook -antigen-load-env with 0
[WRN][1542579724.1750142574] /usr/share/zsh/share/antigen.zsh:1487
[WRN][1542579724.1750142574] Updated meta: target -antigen-load-source mode repeat type replace called 1
[WRN][1542579724.1752092838] /usr/share/zsh/share/antigen.zsh:1502
[WRN][1542579724.1752092838] Processing hooks: -antigen-load-source-cached
[WRN][1542579724.1754691601] /usr/share/zsh/share/antigen.zsh:1516
[WRN][1542579724.1754691601] Replace hook: -antigen-load-source-cached /home/barsa/.antigen/bundles/robbyrussell/oh-my-zsh/lib/bzr.zsh /home/barsa/.antigen/bundles/robbyrussell/oh-my-zsh/lib/clipboard.zsh /home/barsa/.antigen/bundles/robbyrussell/oh-my-zsh/lib/compfix.zsh /home/barsa/.antigen/bundles/robbyrussell/oh-my-zsh/lib/completion.zsh /home/barsa/.antigen/bundles/robbyrussell/oh-my-zsh/lib/correction.zsh /home/barsa/.antigen/bundles/robbyrussell/oh-my-zsh/lib/diagnostics.zsh /home/barsa/.antigen/bundles/robbyrussell/oh-my-zsh/lib/directories.zsh /home/barsa/.antigen/bundles/robbyrussell/oh-my-zsh/lib/functions.zsh /home/barsa/.antigen/bundles/robbyrussell/oh-my-zsh/lib/git.zsh /home/barsa/.antigen/bundles/robbyrussell/oh-my-zsh/lib/grep.zsh /home/barsa/.antigen/bundles/robbyrussell/oh-my-zsh/lib/history.zsh /home/barsa/.antigen/bundles/robbyrussell/oh-my-zsh/lib/key-bindings.zsh /home/barsa/.antigen/bundles/robbyrussell/oh-my-zsh/lib/misc.zsh /home/barsa/.antigen/bundles/robbyrussell/oh-my-zsh/lib/nvm.zsh /home/barsa/.antigen/bundles/robbyrussell/oh-my-zsh/lib/prompt_info_functions.zsh /home/barsa/.antigen/bundles/robbyrussell/oh-my-zsh/lib/spectrum.zsh /home/barsa/.antigen/bundles/robbyrussell/oh-my-zsh/lib/termsupport.zsh /home/barsa/.antigen/bundles/robbyrussell/oh-my-zsh/lib/theme-and-appearance.zsh
[WRN][1542579724.1758995056] /usr/share/zsh/share/antigen.zsh:1527
[WRN][1542579724.1758995056] Replaced hooked function.
[LOG][1542579724.1760594845] /usr/share/zsh/share/antigen.zsh:1536
[LOG][1542579724.1760594845] Return from hook -antigen-load-source with 0
[LOG][1542579724.1763899326] /usr/share/zsh/share/antigen.zsh:1536
[LOG][1542579724.1763899326] Return from hook antigen-bundle with 0
[WRN][1542579724.1768677235] /usr/share/zsh/share/antigen.zsh:1487
[WRN][1542579724.1768677235] Updated meta: target antigen-bundle mode repeat type pre called 18
[WRN][1542579724.1770534515] /usr/share/zsh/share/antigen.zsh:1502
[WRN][1542579724.1770534515] Processing hooks: antigen-bundle-cached
[WRN][1542579724.1771996021] /usr/share/zsh/share/antigen.zsh:1505
[WRN][1542579724.1771996021] Pre hook: antigen-bundle-cached git
[WRN][1542579724.1774413586] /usr/share/zsh/share/antigen.zsh:1523
[WRN][1542579724.1774413586] -antigen-hook-antigen-bundle git
[TRA][1542579724.1776030064] /usr/share/zsh/share/antigen.zsh:1456
[TRA][1542579724.1776030064] Called antigen-bundle with git BUNDLE
[TRA][1542579724.1776030064] TRACE
-antigen-hook-antigen-bundle
-antigen-hook-handler
antigen-bundle
antigen-bundle-parallel-execute
antigen-apply-parallel-execute
-antigen-hook-handler
antigen-apply
-antigen-hook-antigen
-antigen-hook-handler
antigen
/home/barsa/.zshrc
[WRN][1542579724.1794736385] /usr/share/zsh/share/antigen.zsh:1487
[WRN][1542579724.1794736385] Updated meta: target -antigen-load-env mode repeat type replace called 2
[WRN][1542579724.1797175407] /usr/share/zsh/share/antigen.zsh:1502
[WRN][1542579724.1797175407] Processing hooks: -antigen-load-env-cached
[WRN][1542579724.1799592972] /usr/share/zsh/share/antigen.zsh:1516
[WRN][1542579724.1799592972] Replace hook: -antigen-load-env-cached dir /home/barsa/.antigen/bundles/robbyrussell/oh-my-zsh btype plugin url https://github.com/robbyrussell/oh-my-zsh.git loc plugins/git name robbyrussell/oh-my-zsh make_local_clone true
[WRN][1542579724.1803171635] /usr/share/zsh/share/antigen.zsh:1527
[WRN][1542579724.1803171635] Replaced hooked function.
[LOG][1542579724.1804802418] /usr/share/zsh/share/antigen.zsh:1536
[LOG][1542579724.1804802418] Return from hook -antigen-load-env with 0
[WRN][1542579724.1809666157] /usr/share/zsh/share/antigen.zsh:1487
[WRN][1542579724.1809666157] Updated meta: target -antigen-load-source mode repeat type replace called 2
[WRN][1542579724.1811592579] /usr/share/zsh/share/antigen.zsh:1502
[WRN][1542579724.1811592579] Processing hooks: -antigen-load-source-cached
[WRN][1542579724.1813614368] /usr/share/zsh/share/antigen.zsh:1516
[WRN][1542579724.1813614368] Replace hook: -antigen-load-source-cached /home/barsa/.antigen/bundles/robbyrussell/oh-my-zsh/plugins/git/git.plugin.zsh
[WRN][1542579724.1815810204] /usr/share/zsh/share/antigen.zsh:1527
[WRN][1542579724.1815810204] Replaced hooked function.
[LOG][1542579724.1817383766] /usr/share/zsh/share/antigen.zsh:1536
[LOG][1542579724.1817383766] Return from hook -antigen-load-source with 0
[LOG][1542579724.1820597649] /usr/share/zsh/share/antigen.zsh:1536
[LOG][1542579724.1820597649] Return from hook antigen-bundle with 0
[WRN][1542579724.1825301647] /usr/share/zsh/share/antigen.zsh:1487
[WRN][1542579724.1825301647] Updated meta: target antigen-bundle mode repeat type pre called 19
[WRN][1542579724.1827147007] /usr/share/zsh/share/antigen.zsh:1502
[WRN][1542579724.1827147007] Processing hooks: antigen-bundle-cached
[WRN][1542579724.1828789711] /usr/share/zsh/share/antigen.zsh:1505
[WRN][1542579724.1828789711] Pre hook: antigen-bundle-cached heroku
[WRN][1542579724.1831307411] /usr/share/zsh/share/antigen.zsh:1523
[WRN][1542579724.1831307411] -antigen-hook-antigen-bundle heroku
[TRA][1542579724.1832921505] /usr/share/zsh/share/antigen.zsh:1456
[TRA][1542579724.1832921505] Called antigen-bundle with heroku BUNDLE
[TRA][1542579724.1832921505] TRACE
-antigen-hook-antigen-bundle
-antigen-hook-handler
antigen-bundle
antigen-bundle-parallel-execute
antigen-apply-parallel-execute
-antigen-hook-handler
antigen-apply
-antigen-hook-antigen
-antigen-hook-handler
antigen
/home/barsa/.zshrc
[WRN][1542579724.1851534843] /usr/share/zsh/share/antigen.zsh:1487
[WRN][1542579724.1851534843] Updated meta: target -antigen-load-env mode repeat type replace called 3
[WRN][1542579724.1853713989] /usr/share/zsh/share/antigen.zsh:1502
[WRN][1542579724.1853713989] Processing hooks: -antigen-load-env-cached
[WRN][1542579724.1856126785] /usr/share/zsh/share/antigen.zsh:1516
[WRN][1542579724.1856126785] Replace hook: -antigen-load-env-cached dir /home/barsa/.antigen/bundles/robbyrussell/oh-my-zsh btype plugin url https://github.com/robbyrussell/oh-my-zsh.git loc plugins/heroku name robbyrussell/oh-my-zsh make_local_clone true
[WRN][1542579724.1859712601] /usr/share/zsh/share/antigen.zsh:1527
[WRN][1542579724.1859712601] Replaced hooked function.
[LOG][1542579724.1861341000] /usr/share/zsh/share/antigen.zsh:1536
[LOG][1542579724.1861341000] Return from hook -antigen-load-env with 0
[WRN][1542579724.1866509914] /usr/share/zsh/share/antigen.zsh:1487
[WRN][1542579724.1866509914] Updated meta: target -antigen-load-source mode repeat type replace called 3
[WRN][1542579724.1868433952] /usr/share/zsh/share/antigen.zsh:1502
[WRN][1542579724.1868433952] Processing hooks: -antigen-load-source-cached
[WRN][1542579724.1870453358] /usr/share/zsh/share/antigen.zsh:1516
[WRN][1542579724.1870453358] Replace hook: -antigen-load-source-cached /home/barsa/.antigen/bundles/robbyrussell/oh-my-zsh/plugins/heroku/heroku.plugin.zsh
[WRN][1542579724.1872670650] /usr/share/zsh/share/antigen.zsh:1527
[WRN][1542579724.1872670650] Replaced hooked function.
[LOG][1542579724.1874234676] /usr/share/zsh/share/antigen.zsh:1536
[LOG][1542579724.1874234676] Return from hook -antigen-load-source with 0
[LOG][1542579724.1877267361] /usr/share/zsh/share/antigen.zsh:1536
[LOG][1542579724.1877267361] Return from hook antigen-bundle with 0
[WRN][1542579724.1881985664] /usr/share/zsh/share/antigen.zsh:1487
[WRN][1542579724.1881985664] Updated meta: target antigen-bundle mode repeat type pre called 20
[WRN][1542579724.1883840561] /usr/share/zsh/share/antigen.zsh:1502
[WRN][1542579724.1883840561] Processing hooks: antigen-bundle-cached
[WRN][1542579724.1885323524] /usr/share/zsh/share/antigen.zsh:1505
[WRN][1542579724.1885323524] Pre hook: antigen-bundle-cached pip
[WRN][1542579724.1888339520] /usr/share/zsh/share/antigen.zsh:1523
[WRN][1542579724.1888339520] -antigen-hook-antigen-bundle pip
[TRA][1542579724.1890554428] /usr/share/zsh/share/antigen.zsh:1456
[TRA][1542579724.1890554428] Called antigen-bundle with pip BUNDLE
[TRA][1542579724.1890554428] TRACE
-antigen-hook-antigen-bundle
-antigen-hook-handler
antigen-bundle
antigen-bundle-parallel-execute
antigen-apply-parallel-execute
-antigen-hook-handler
antigen-apply
-antigen-hook-antigen
-antigen-hook-handler
antigen
/home/barsa/.zshrc
[WRN][1542579724.1910841465] /usr/share/zsh/share/antigen.zsh:1487
[WRN][1542579724.1910841465] Updated meta: target -antigen-load-env mode repeat type replace called 4
[WRN][1542579724.1913061142] /usr/share/zsh/share/antigen.zsh:1502
[WRN][1542579724.1913061142] Processing hooks: -antigen-load-env-cached
[WRN][1542579724.1915645599] /usr/share/zsh/share/antigen.zsh:1516
[WRN][1542579724.1915645599] Replace hook: -antigen-load-env-cached dir /home/barsa/.antigen/bundles/robbyrussell/oh-my-zsh btype plugin url https://github.com/robbyrussell/oh-my-zsh.git loc plugins/pip name robbyrussell/oh-my-zsh make_local_clone true
[WRN][1542579724.1919264793] /usr/share/zsh/share/antigen.zsh:1527
[WRN][1542579724.1919264793] Replaced hooked function.
[LOG][1542579724.1920897961] /usr/share/zsh/share/antigen.zsh:1536
[LOG][1542579724.1920897961] Return from hook -antigen-load-env with 0
[WRN][1542579724.1925785542] /usr/share/zsh/share/antigen.zsh:1487
[WRN][1542579724.1925785542] Updated meta: target -antigen-load-source mode repeat type replace called 4
[WRN][1542579724.1927709579] /usr/share/zsh/share/antigen.zsh:1502
[WRN][1542579724.1927709579] Processing hooks: -antigen-load-source-cached
[WRN][1542579724.1930305958] /usr/share/zsh/share/antigen.zsh:1516
[WRN][1542579724.1930305958] Replace hook: -antigen-load-source-cached /home/barsa/.antigen/bundles/robbyrussell/oh-my-zsh/plugins/pip/pip.plugin.zsh
[WRN][1542579724.1932532787] /usr/share/zsh/share/antigen.zsh:1527
[WRN][1542579724.1932532787] Replaced hooked function.
[LOG][1542579724.1934111118] /usr/share/zsh/share/antigen.zsh:1536
[LOG][1542579724.1934111118] Return from hook -antigen-load-source with 0
[LOG][1542579724.1937150955] /usr/share/zsh/share/antigen.zsh:1536
[LOG][1542579724.1937150955] Return from hook antigen-bundle with 0
[WRN][1542579724.1941838264] /usr/share/zsh/share/antigen.zsh:1487
[WRN][1542579724.1941838264] Updated meta: target antigen-bundle mode repeat type pre called 21
[WRN][1542579724.1943676472] /usr/share/zsh/share/antigen.zsh:1502
[WRN][1542579724.1943676472] Processing hooks: antigen-bundle-cached
[WRN][1542579724.1945152283] /usr/share/zsh/share/antigen.zsh:1505
[WRN][1542579724.1945152283] Pre hook: antigen-bundle-cached lein
[WRN][1542579724.1947581768] /usr/share/zsh/share/antigen.zsh:1523
[WRN][1542579724.1947581768] -antigen-hook-antigen-bundle lein
[TRA][1542579724.1949195862] /usr/share/zsh/share/antigen.zsh:1456
[TRA][1542579724.1949195862] Called antigen-bundle with lein BUNDLE
[TRA][1542579724.1949195862] TRACE
-antigen-hook-antigen-bundle
-antigen-hook-handler
antigen-bundle
antigen-bundle-parallel-execute
antigen-apply-parallel-execute
-antigen-hook-handler
antigen-apply
-antigen-hook-antigen
-antigen-hook-handler
antigen
/home/barsa/.zshrc
[WRN][1542579724.1968646049] /usr/share/zsh/share/antigen.zsh:1487
[WRN][1542579724.1968646049] Updated meta: target -antigen-load-env mode repeat type replace called 5
[WRN][1542579724.1970853806] /usr/share/zsh/share/antigen.zsh:1502
[WRN][1542579724.1970853806] Processing hooks: -antigen-load-env-cached
[WRN][1542579724.1973254681] /usr/share/zsh/share/antigen.zsh:1516
[WRN][1542579724.1973254681] Replace hook: -antigen-load-env-cached dir /home/barsa/.antigen/bundles/robbyrussell/oh-my-zsh btype plugin url https://github.com/robbyrussell/oh-my-zsh.git loc plugins/lein name robbyrussell/oh-my-zsh make_local_clone true
[WRN][1542579724.1976816654] /usr/share/zsh/share/antigen.zsh:1527
[WRN][1542579724.1976816654] Replaced hooked function.
[LOG][1542579724.1978445053] /usr/share/zsh/share/antigen.zsh:1536
[LOG][1542579724.1978445053] Return from hook -antigen-load-env with 0
[WRN][1542579724.1983261108] /usr/share/zsh/share/antigen.zsh:1487
[WRN][1542579724.1983261108] Updated meta: target -antigen-load-source mode repeat type replace called 5
[WRN][1542579724.1985173225] /usr/share/zsh/share/antigen.zsh:1502
[WRN][1542579724.1985173225] Processing hooks: -antigen-load-source-cached
[WRN][1542579724.1987128258] /usr/share/zsh/share/antigen.zsh:1516
[WRN][1542579724.1987128258] Replace hook: -antigen-load-source-cached
[WRN][1542579724.1989209652] /usr/share/zsh/share/antigen.zsh:1527
[WRN][1542579724.1989209652] Replaced hooked function.
[LOG][1542579724.1990776062] /usr/share/zsh/share/antigen.zsh:1536
[LOG][1542579724.1990776062] Return from hook -antigen-load-source with 0
[LOG][1542579724.1994016171] /usr/share/zsh/share/antigen.zsh:1536
[LOG][1542579724.1994016171] Return from hook antigen-bundle with 0
[WRN][1542579724.1998970509] /usr/share/zsh/share/antigen.zsh:1487
[WRN][1542579724.1998970509] Updated meta: target antigen-bundle mode repeat type pre called 22
[WRN][1542579724.2000844479] /usr/share/zsh/share/antigen.zsh:1502
[WRN][1542579724.2000844479] Processing hooks: antigen-bundle-cached
[WRN][1542579724.2002313137] /usr/share/zsh/share/antigen.zsh:1505
[WRN][1542579724.2002313137] Pre hook: antigen-bundle-cached command-not-found
[WRN][1542579724.2004747391] /usr/share/zsh/share/antigen.zsh:1523
[WRN][1542579724.2004747391] -antigen-hook-antigen-bundle command-not-found
[TRA][1542579724.2006366253] /usr/share/zsh/share/antigen.zsh:1456
[TRA][1542579724.2006366253] Called antigen-bundle with command-not-found BUNDLE
[TRA][1542579724.2006366253] TRACE
-antigen-hook-antigen-bundle
-antigen-hook-handler
antigen-bundle
antigen-bundle-parallel-execute
antigen-apply-parallel-execute
-antigen-hook-handler
antigen-apply
-antigen-hook-antigen
-antigen-hook-handler
antigen
/home/barsa/.zshrc
[WRN][1542579724.2019927502] /usr/share/zsh/share/antigen.zsh:1487
[WRN][1542579724.2019927502] Updated meta: target -antigen-load-env mode repeat type replace called 6
[WRN][1542579724.2021405697] /usr/share/zsh/share/antigen.zsh:1502
[WRN][1542579724.2021405697] Processing hooks: -antigen-load-env-cached
[WRN][1542579724.2023029327] /usr/share/zsh/share/antigen.zsh:1516
[WRN][1542579724.2023029327] Replace hook: -antigen-load-env-cached dir /home/barsa/.antigen/bundles/robbyrussell/oh-my-zsh btype plugin url https://github.com/robbyrussell/oh-my-zsh.git loc plugins/command-not-found name robbyrussell/oh-my-zsh make_local_clone true
[WRN][1542579724.2025444508] /usr/share/zsh/share/antigen.zsh:1527
[WRN][1542579724.2025444508] Replaced hooked function.
[LOG][1542579724.2026541233] /usr/share/zsh/share/antigen.zsh:1536
[LOG][1542579724.2026541233] Return from hook -antigen-load-env with 0
[WRN][1542579724.2029950619] /usr/share/zsh/share/antigen.zsh:1487
[WRN][1542579724.2029950619] Updated meta: target -antigen-load-source mode repeat type replace called 6
[WRN][1542579724.2031288147] /usr/share/zsh/share/antigen.zsh:1502
[WRN][1542579724.2031288147] Processing hooks: -antigen-load-source-cached
[WRN][1542579724.2032659054] /usr/share/zsh/share/antigen.zsh:1516
[WRN][1542579724.2032659054] Replace hook: -antigen-load-source-cached /home/barsa/.antigen/bundles/robbyrussell/oh-my-zsh/plugins/command-not-found/command-not-found.plugin.zsh
[WRN][1542579724.2034163475] /usr/share/zsh/share/antigen.zsh:1527
[WRN][1542579724.2034163475] Replaced hooked function.
[LOG][1542579724.2035219669] /usr/share/zsh/share/antigen.zsh:1536
[LOG][1542579724.2035219669] Return from hook -antigen-load-source with 0
[LOG][1542579724.2037250996] /usr/share/zsh/share/antigen.zsh:1536
[LOG][1542579724.2037250996] Return from hook antigen-bundle with 0
[WRN][1542579724.2040412426] /usr/share/zsh/share/antigen.zsh:1487
[WRN][1542579724.2040412426] Updated meta: target antigen-bundle mode repeat type pre called 23
[WRN][1542579724.2041654587] /usr/share/zsh/share/antigen.zsh:1502
[WRN][1542579724.2041654587] Processing hooks: antigen-bundle-cached
[WRN][1542579724.2042670250] /usr/share/zsh/share/antigen.zsh:1505
[WRN][1542579724.2042670250] Pre hook: antigen-bundle-cached zsh-users/zsh-syntax-highlighting
[WRN][1542579724.2044343948] /usr/share/zsh/share/antigen.zsh:1523
[WRN][1542579724.2044343948] -antigen-hook-antigen-bundle zsh-users/zsh-syntax-highlighting
[TRA][1542579724.2045440674] /usr/share/zsh/share/antigen.zsh:1456
[TRA][1542579724.2045440674] Called antigen-bundle with zsh-users/zsh-syntax-highlighting BUNDLE
[TRA][1542579724.2045440674] TRACE
-antigen-hook-antigen-bundle
-antigen-hook-handler
antigen-bundle
antigen-bundle-parallel-execute
antigen-apply-parallel-execute
-antigen-hook-handler
antigen-apply
-antigen-hook-antigen
-antigen-hook-handler
antigen
/home/barsa/.zshrc
[WRN][1542579724.2060663700] /usr/share/zsh/share/antigen.zsh:1487
[WRN][1542579724.2060663700] Updated meta: target -antigen-load-env mode repeat type replace called 7
[WRN][1542579724.2061920166] /usr/share/zsh/share/antigen.zsh:1502
[WRN][1542579724.2061920166] Processing hooks: -antigen-load-env-cached
[WRN][1542579724.2063188553] /usr/share/zsh/share/antigen.zsh:1516
[WRN][1542579724.2063188553] Replace hook: -antigen-load-env-cached dir /home/barsa/.antigen/bundles/zsh-users/zsh-syntax-highlighting btype plugin url https://github.com/zsh-users/zsh-syntax-highlighting.git loc / name zsh-users/zsh-syntax-highlighting make_local_clone true
[WRN][1542579724.2065060139] /usr/share/zsh/share/antigen.zsh:1527
[WRN][1542579724.2065060139] Replaced hooked function.
[LOG][1542579724.2065899372] /usr/share/zsh/share/antigen.zsh:1536
[LOG][1542579724.2065899372] Return from hook -antigen-load-env with 0
[WRN][1542579724.2068381310] /usr/share/zsh/share/antigen.zsh:1487
[WRN][1542579724.2068381310] Updated meta: target -antigen-load-source mode repeat type replace called 7
[WRN][1542579724.2069356441] /usr/share/zsh/share/antigen.zsh:1502
[WRN][1542579724.2069356441] Processing hooks: -antigen-load-source-cached
[WRN][1542579724.2070391178] /usr/share/zsh/share/antigen.zsh:1516
[WRN][1542579724.2070391178] Replace hook: -antigen-load-source-cached /home/barsa/.antigen/bundles/zsh-users/zsh-syntax-highlighting///zsh-syntax-highlighting.plugin.zsh
[WRN][1542579724.2071521282] /usr/share/zsh/share/antigen.zsh:1527
[WRN][1542579724.2071521282] Replaced hooked function.
[LOG][1542579724.2072322369] /usr/share/zsh/share/antigen.zsh:1536
[LOG][1542579724.2072322369] Return from hook -antigen-load-source with 0
[LOG][1542579724.2073855400] /usr/share/zsh/share/antigen.zsh:1536
[LOG][1542579724.2073855400] Return from hook antigen-bundle with 0
[WRN][1542579724.2076237202] /usr/share/zsh/share/antigen.zsh:1487
[WRN][1542579724.2076237202] Updated meta: target antigen-bundle mode repeat type pre called 24
[WRN][1542579724.2077174187] /usr/share/zsh/share/antigen.zsh:1502
[WRN][1542579724.2077174187] Processing hooks: antigen-bundle-cached
[WRN][1542579724.2077934742] /usr/share/zsh/share/antigen.zsh:1505
[WRN][1542579724.2077934742] Pre hook: antigen-bundle-cached --loc=themes/agnoster --btype=theme
[WRN][1542579724.2079186440] /usr/share/zsh/share/antigen.zsh:1523
[WRN][1542579724.2079186440] -antigen-hook-antigen-bundle --loc=themes/agnoster --btype=theme
[TRA][1542579724.2080016136] /usr/share/zsh/share/antigen.zsh:1456
[TRA][1542579724.2080016136] Called antigen-bundle with --loc=themes/agnoster --btype=theme BUNDLE
[TRA][1542579724.2080016136] TRACE
-antigen-hook-antigen-bundle
-antigen-hook-handler
antigen-bundle
antigen-bundle-parallel-execute
antigen-apply-parallel-execute
-antigen-hook-handler
antigen-apply
-antigen-hook-antigen
-antigen-hook-handler
antigen
/home/barsa/.zshrc
[WRN][1542579724.2088510990] /usr/share/zsh/share/antigen.zsh:1487
[WRN][1542579724.2088510990] Updated meta: target -antigen-load-env mode repeat type replace called 8
[WRN][1542579724.2089598179] /usr/share/zsh/share/antigen.zsh:1502
[WRN][1542579724.2089598179] Processing hooks: -antigen-load-env-cached
[WRN][1542579724.2090802193] /usr/share/zsh/share/antigen.zsh:1516
[WRN][1542579724.2090802193] Replace hook: -antigen-load-env-cached dir /home/barsa/.antigen/bundles/robbyrussell/oh-my-zsh btype theme url https://github.com/robbyrussell/oh-my-zsh.git loc themes/agnoster.zsh-theme name robbyrussell/oh-my-zsh make_local_clone true
[WRN][1542579724.2092585564] /usr/share/zsh/share/antigen.zsh:1527
[WRN][1542579724.2092585564] Replaced hooked function.
[LOG][1542579724.2093410492] /usr/share/zsh/share/antigen.zsh:1536
[LOG][1542579724.2093410492] Return from hook -antigen-load-env with 0
[WRN][1542579724.2095963955] /usr/share/zsh/share/antigen.zsh:1487
[WRN][1542579724.2095963955] Updated meta: target -antigen-load-source mode repeat type replace called 8
[WRN][1542579724.2096955776] /usr/share/zsh/share/antigen.zsh:1502
[WRN][1542579724.2096955776] Processing hooks: -antigen-load-source-cached
[WRN][1542579724.2098076344] /usr/share/zsh/share/antigen.zsh:1516
[WRN][1542579724.2098076344] Replace hook: -antigen-load-source-cached /home/barsa/.antigen/bundles/robbyrussell/oh-my-zsh/themes/agnoster.zsh-theme
[WRN][1542579724.2099184990] /usr/share/zsh/share/antigen.zsh:1527
[WRN][1542579724.2099184990] Replaced hooked function.
[LOG][1542579724.2099983692] /usr/share/zsh/share/antigen.zsh:1536
[LOG][1542579724.2099983692] Return from hook -antigen-load-source with 0
[LOG][1542579724.2101500034] /usr/share/zsh/share/antigen.zsh:1536
[LOG][1542579724.2101500034] Return from hook antigen-bundle with 0
[WRN][1542579724.2102553844] /usr/share/zsh/share/antigen.zsh:1757
[WRN][1542579724.2102553844] Parallel install done PARALLEL
[WRN][1542579724.2106041908] /usr/share/zsh/share/antigen.zsh:1480
[WRN][1542579724.2106041908] Ignoring hook due to mode once: antigen-apply-lock
[WRN][1542579724.2107098103] /usr/share/zsh/share/antigen.zsh:1480
[WRN][1542579724.2107098103] Ignoring hook due to mode once: antigen-apply-parallel
[WRN][1542579724.2108097076] /usr/share/zsh/share/antigen.zsh:1480
[WRN][1542579724.2108097076] Ignoring hook due to mode once: antigen-apply-defer
[WRN][1542579724.2109086514] /usr/share/zsh/share/antigen.zsh:1480
[WRN][1542579724.2109086514] Ignoring hook due to mode once: antigen-apply-cached
[WRN][1542579724.2109704018] /usr/share/zsh/share/antigen.zsh:1502
[WRN][1542579724.2109704018] Processing hooks: antigen-apply-lock antigen-apply-parallel antigen-apply-defer antigen-apply-cached
[WRN][1542579724.2110416889] /usr/share/zsh/share/antigen.zsh:1523
[WRN][1542579724.2110416889] -antigen-hook-antigen-apply 
[LOG][1542579724.2111065388] /usr/share/zsh/share/antigen.zsh:1456
[LOG][1542579724.2111065388] Called antigen-apply
[TRA][1542579724.2111632824] /usr/share/zsh/share/antigen.zsh:1457
[TRA][1542579724.2111632824] Gonna create compdump file @ apply COMPDUMP
[TRA][1542579724.2111632824] TRACE
-antigen-hook-antigen-apply
-antigen-hook-handler
antigen-apply
antigen-apply-parallel-execute
-antigen-hook-handler
antigen-apply
-antigen-hook-antigen
-antigen-hook-handler
antigen
/home/barsa/.zshrc
[LOG][1542579724.3638522625] /usr/share/zsh/share/antigen.zsh:1536
[LOG][1542579724.3638522625] Return from hook antigen-apply with 0
[WRN][1542579724.3639461994] /usr/share/zsh/share/antigen.zsh:1527
[WRN][1542579724.3639461994] Replaced hooked function.
[WRN][1542579724.3639822006] /usr/share/zsh/share/antigen.zsh:1531
[WRN][1542579724.3639822006] Post hook: antigen-apply-lock
[WRN][1542579724.3640146255] /usr/share/zsh/share/antigen.zsh:1694
[WRN][1542579724.3640146255] Freeing antigen-lock file at /home/barsa/.antigen/.lock
[WRN][1542579724.3645513058] /usr/share/zsh/share/antigen.zsh:1531
[WRN][1542579724.3645513058] Post hook: antigen-apply-cached
[LOG][1542579724.3645958900] /usr/share/zsh/share/antigen.zsh:1912
[LOG][1542579724.3645958900] TRACE: /usr/share/zsh/share/antigen.zsh:1532 /usr/share/zsh/share/antigen.zsh:1459 /usr/share/zsh/share/antigen.zsh:1465 /usr/share/zsh/share/antigen.zsh:1524 /usr/share/zsh/share/antigen.zsh:1459 /home/barsa/.zshrc:20 zsh:0
[LOG][1542579724.3648064137] /usr/share/zsh/share/antigen.zsh:1805
[LOG][1542579724.3648064137] Gonna generate cache for /home/barsa/.antigen/bundles/robbyrussell/oh-my-zsh/lib /home/barsa/.antigen/bundles/robbyrussell/oh-my-zsh/lib/bzr.zsh /home/barsa/.antigen/bundles/robbyrussell/oh-my-zsh/lib/clipboard.zsh /home/barsa/.antigen/bundles/robbyrussell/oh-my-zsh/lib/compfix.zsh /home/barsa/.antigen/bundles/robbyrussell/oh-my-zsh/lib/completion.zsh /home/barsa/.antigen/bundles/robbyrussell/oh-my-zsh/lib/correction.zsh /home/barsa/.antigen/bundles/robbyrussell/oh-my-zsh/lib/diagnostics.zsh /home/barsa/.antigen/bundles/robbyrussell/oh-my-zsh/lib/directories.zsh /home/barsa/.antigen/bundles/robbyrussell/oh-my-zsh/lib/functions.zsh /home/barsa/.antigen/bundles/robbyrussell/oh-my-zsh/lib/git.zsh /home/barsa/.antigen/bundles/robbyrussell/oh-my-zsh/lib/grep.zsh /home/barsa/.antigen/bundles/robbyrussell/oh-my-zsh/lib/history.zsh /home/barsa/.antigen/bundles/robbyrussell/oh-my-zsh/lib/key-bindings.zsh /home/barsa/.antigen/bundles/robbyrussell/oh-my-zsh/lib/misc.zsh /home/barsa/.antigen/bundles/robbyrussell/oh-my-zsh/lib/nvm.zsh /home/barsa/.antigen/bundles/robbyrussell/oh-my-zsh/lib/prompt_info_functions.zsh /home/barsa/.antigen/bundles/robbyrussell/oh-my-zsh/lib/spectrum.zsh /home/barsa/.antigen/bundles/robbyrussell/oh-my-zsh/lib/termsupport.zsh /home/barsa/.antigen/bundles/robbyrussell/oh-my-zsh/lib/theme-and-appearance.zsh /home/barsa/.antigen/bundles/robbyrussell/oh-my-zsh/plugins/git /home/barsa/.antigen/bundles/robbyrussell/oh-my-zsh/plugins/git/git.plugin.zsh /home/barsa/.antigen/bundles/robbyrussell/oh-my-zsh/plugins/heroku /home/barsa/.antigen/bundles/robbyrussell/oh-my-zsh/plugins/heroku/heroku.plugin.zsh /home/barsa/.antigen/bundles/robbyrussell/oh-my-zsh/plugins/pip /home/barsa/.antigen/bundles/robbyrussell/oh-my-zsh/plugins/pip/pip.plugin.zsh /home/barsa/.antigen/bundles/robbyrussell/oh-my-zsh/plugins/lein /home/barsa/.antigen/bundles/robbyrussell/oh-my-zsh/plugins/command-not-found /home/barsa/.antigen/bundles/robbyrussell/oh-my-zsh/plugins/command-not-found/command-not-found.plugin.zsh /home/barsa/.antigen/bundles/zsh-users/zsh-syntax-highlighting// /home/barsa/.antigen/bundles/zsh-users/zsh-syntax-highlighting///zsh-syntax-highlighting.plugin.zsh /home/barsa/.antigen/bundles/robbyrussell/oh-my-zsh/themes/agnoster.zsh-theme /home/barsa/.antigen/bundles/robbyrussell/oh-my-zsh/themes/agnoster.zsh-theme
[LOG][1542579724.3707635403] /usr/share/zsh/share/antigen.zsh:1863
[LOG][1542579724.3707635403] CHECK_FILES /home/barsa/.zshrc /home/barsa/.zshrc
[LOG][1542579724.4078190327] /usr/share/zsh/share/antigen.zsh:1536
[LOG][1542579724.4078190327] Return from hook antigen-apply with 0
[LOG][1542579724.4078948498] /usr/share/zsh/share/antigen.zsh:1536
[LOG][1542579724.4078948498] Return from hook antigen with 0
